#-----------------------------------------------------------
# Vivado v2016.4 (64-bit)
# SW Build 1756540 on Mon Jan 23 19:11:19 MST 2017
# IP Build 1755317 on Mon Jan 23 20:30:07 MST 2017
# Start of session at: Tue Oct 10 15:03:36 2017
# Process ID: 18024
# Current directory: /home/ssevova/GlobalCorrelator/pulsar_devkit/simple_examples/minimal_BRAM_ILA
# Command line: vivado top/top.xpr
# Log file: /home/ssevova/GlobalCorrelator/pulsar_devkit/simple_examples/minimal_BRAM_ILA/vivado.log
# Journal file: /home/ssevova/GlobalCorrelator/pulsar_devkit/simple_examples/minimal_BRAM_ILA/vivado.jou
#-----------------------------------------------------------
start_gui
open_project top/top.xpr
Scanning sources...
Finished scanning sources
INFO: [IP_Flow 19-234] Refreshing IP repositories
INFO: [IP_Flow 19-1700] Loaded user IP repository '/home/ssevova/GlobalCorrelator/pulsar_devkit/simple_examples/minimal_BRAM_ILA/user_ip_repo'.
INFO: [IP_Flow 19-2313] Loaded Vivado IP repository '/home/ttuser/Vivado_HLS/Vivado/2016.4/data/ip'.
CRITICAL WARNING: [IP_Flow 19-1663] Duplicate IP found for 'cern-cms:hls:simple_algo_array_hw:1.0'. The one found in IP location '/home/ssevova/GlobalCorrelator/pulsar_devkit/simple_examples/minimal_BRAM_ILA/user_ip_repo/cern-cms_hls_simple_algo_array_hw_1_0_1' will take precedence over the same IP in location /home/ssevova/GlobalCorrelator/pulsar_devkit/simple_examples/minimal_BRAM_ILA/user_ip_repo/cern-cms_hls_simple_algo_array_hw_1_0
open_project: Time (s): cpu = 00:00:10 ; elapsed = 00:00:15 . Memory (MB): peak = 5992.941 ; gain = 101.953 ; free physical = 17916 ; free virtual = 34663
launch_runs synth_1 -jobs 6
INFO: [Vivado 12-4149] The synthesis checkpoint for IP '/home/ssevova/GlobalCorrelator/pulsar_devkit/simple_examples/minimal_BRAM_ILA/cgn/blk_mem_gen_0/blk_mem_gen_0.xci' is already up-to-date
INFO: [Vivado 12-4149] The synthesis checkpoint for IP '/home/ssevova/GlobalCorrelator/pulsar_devkit/simple_examples/minimal_BRAM_ILA/cgn/ila_0/ila_0.xci' is already up-to-date
INFO: [HDL 9-1061] Parsing VHDL file "/home/ssevova/GlobalCorrelator/pulsar_devkit/simple_examples/minimal_BRAM_ILA/hdl/test_algo_array.vhd" into library xil_defaultlib [/home/ssevova/GlobalCorrelator/pulsar_devkit/simple_examples/minimal_BRAM_ILA/hdl/test_algo_array.vhd:1]
INFO: [HDL 9-1061] Parsing VHDL file "/home/ssevova/GlobalCorrelator/pulsar_devkit/simple_examples/minimal_BRAM_ILA/hdl/top.vhd" into library xil_defaultlib [/home/ssevova/GlobalCorrelator/pulsar_devkit/simple_examples/minimal_BRAM_ILA/hdl/top.vhd:1]
[Tue Oct 10 15:04:33 2017] Launched simple_algo_array_hw_0_synth_1...
Run output will be captured here: /home/ssevova/GlobalCorrelator/pulsar_devkit/simple_examples/minimal_BRAM_ILA/top/top.runs/simple_algo_array_hw_0_synth_1/runme.log
[Tue Oct 10 15:04:33 2017] Launched synth_1...
Run output will be captured here: /home/ssevova/GlobalCorrelator/pulsar_devkit/simple_examples/minimal_BRAM_ILA/top/top.runs/synth_1/runme.log
reset_run synth_1
launch_runs synth_1 -jobs 6
INFO: [Vivado 12-4149] The synthesis checkpoint for IP '/home/ssevova/GlobalCorrelator/pulsar_devkit/simple_examples/minimal_BRAM_ILA/cgn/blk_mem_gen_0/blk_mem_gen_0.xci' is already up-to-date
INFO: [Vivado 12-4149] The synthesis checkpoint for IP '/home/ssevova/GlobalCorrelator/pulsar_devkit/simple_examples/minimal_BRAM_ILA/cgn/ila_0/ila_0.xci' is already up-to-date
INFO: [HDL 9-1061] Parsing VHDL file "/home/ssevova/GlobalCorrelator/pulsar_devkit/simple_examples/minimal_BRAM_ILA/hdl/top.vhd" into library xil_defaultlib [/home/ssevova/GlobalCorrelator/pulsar_devkit/simple_examples/minimal_BRAM_ILA/hdl/top.vhd:1]
[Tue Oct 10 15:08:31 2017] Launched synth_1...
Run output will be captured here: /home/ssevova/GlobalCorrelator/pulsar_devkit/simple_examples/minimal_BRAM_ILA/top/top.runs/synth_1/runme.log
launch_runs impl_1 -jobs 6
INFO: [Vivado 12-4149] The synthesis checkpoint for IP '/home/ssevova/GlobalCorrelator/pulsar_devkit/simple_examples/minimal_BRAM_ILA/cgn/blk_mem_gen_0/blk_mem_gen_0.xci' is already up-to-date
INFO: [Vivado 12-4149] The synthesis checkpoint for IP '/home/ssevova/GlobalCorrelator/pulsar_devkit/simple_examples/minimal_BRAM_ILA/cgn/ila_0/ila_0.xci' is already up-to-date
[Tue Oct 10 15:09:32 2017] Launched impl_1...
Run output will be captured here: /home/ssevova/GlobalCorrelator/pulsar_devkit/simple_examples/minimal_BRAM_ILA/top/top.runs/impl_1/runme.log
WARNING: [IP_Flow 19-4318] IP-XACT file does not exist: /home/ssevova/GlobalCorrelator/pulsar_devkit/simple_examples/minimal_BRAM_ILA/user_ip_repo/cern-cms_hls_simple_algo_array_hw_1_0_1/component.xml. It will be created.
exit
INFO: [Common 17-206] Exiting Vivado at Tue Oct 10 15:11:16 2017...
