#-----------------------------------------------------------
# Vivado v2016.4 (64-bit)
# SW Build 1756540 on Mon Jan 23 19:11:19 MST 2017
# IP Build 1755317 on Mon Jan 23 20:30:07 MST 2017
# Start of session at: Tue Oct 10 15:11:42 2017
# Process ID: 21029
# Current directory: /home/ssevova/GlobalCorrelator/pulsar_devkit/simple_examples/minimal_HLSArray_BRAM_ILA
# Command line: vivado -mode batch -source build.tcl
# Log file: /home/ssevova/GlobalCorrelator/pulsar_devkit/simple_examples/minimal_HLSArray_BRAM_ILA/vivado.log
# Journal file: /home/ssevova/GlobalCorrelator/pulsar_devkit/simple_examples/minimal_HLSArray_BRAM_ILA/vivado.jou
#-----------------------------------------------------------
source build.tcl
# set origin_dir "."
# create_project top ./top -part xc7vx690tffg1927-2 -force
# set proj_dir [get_property directory [current_project]]
# set obj [get_projects top]
# set_property "default_lib" "xil_defaultlib" $obj
# set_property "generate_ip_upgrade_log" "0" $obj
# set_property "part" "xc7vx690tffg1927-2" $obj
# set_property "sim.ip.auto_export_scripts" "1" $obj
# set_property "simulator_language" "VHDL" $obj
# set_property "target_language" "VHDL" $obj
# set_property "xpm_libraries" "XPM_MEMORY" $obj
# set_property  ip_repo_paths user_ip_repo [current_project]
# file mkdir user_ip_repo
# update_ip_catalog -rebuild
INFO: [IP_Flow 19-234] Refreshing IP repositories
INFO: [IP_Flow 19-1700] Loaded user IP repository '/home/ssevova/GlobalCorrelator/pulsar_devkit/simple_examples/minimal_HLSArray_BRAM_ILA/user_ip_repo'.
INFO: [IP_Flow 19-2313] Loaded Vivado IP repository '/home/ttuser/Vivado_HLS/Vivado/2016.4/data/ip'.
# update_ip_catalog -add_ip "$origin_dir/../HLSIPs/proj0/solution1/impl/ip/cern-cms_hls_simple_algo_array_hw_1_0.zip" -repo_path user_ip_repo
INFO: [IP_Flow 19-949] Unzipped './../HLSIPs/proj0/solution1/impl/ip/cern-cms_hls_simple_algo_array_hw_1_0.zip' into repository '/home/ssevova/GlobalCorrelator/pulsar_devkit/simple_examples/minimal_HLSArray_BRAM_ILA/user_ip_repo'.
INFO: [IP_Flow 19-725] Reloaded user IP repository '/home/ssevova/GlobalCorrelator/pulsar_devkit/simple_examples/minimal_HLSArray_BRAM_ILA/user_ip_repo'
# create_ip -name simple_algo_array_hw -vendor "cern-cms" -library hls -module_name simple_algo_array_hw_0
# generate_target {instantiation_template} [get_files top/top.srcs/sources_1/ip/simple_algo_array_hw_0/simple_algo_array_hw_0.xci]
INFO: [IP_Flow 19-1686] Generating 'Instantiation Template' target for IP 'simple_algo_array_hw_0'...
# generate_target all [get_files top/top.srcs/sources_1/ip/simple_algo_array_hw_0/simple_algo_array_hw_0.xci]
INFO: [IP_Flow 19-1686] Generating 'Synthesis' target for IP 'simple_algo_array_hw_0'...
INFO: [IP_Flow 19-1686] Generating 'Simulation' target for IP 'simple_algo_array_hw_0'...
INFO: [IP_Flow 19-1686] Generating 'Miscellaneous' target for IP 'simple_algo_array_hw_0'...
# export_ip_user_files -of_objects [get_files top/top.srcs/sources_1/ip/simple_algo_array_hw_0/simple_algo_array_hw_0.xci] -no_script -force -quiet
# create_ip_run [get_files -of_objects [get_fileset sources_1] top/top.srcs/sources_1/ip/simple_algo_array_hw_0/simple_algo_array_hw_0.xci]
# if {[string equal [get_filesets -quiet sources_1] ""]} {
#   create_fileset -srcset sources_1
# }
# set obj [get_filesets sources_1]
# set files [list \
#  "[file normalize "$origin_dir/hdl/test_algo_array.vhd"]"\
#  "[file normalize "$origin_dir/hdl/top.vhd"]"\
#  "[file normalize "$origin_dir/cgn/my_coe.coe"]"\
#  "[file normalize "$origin_dir/cgn/blk_mem_gen_0/blk_mem_gen_0.xci"]"\
#  "[file normalize "$origin_dir/cgn/ila_0/ila_0.xci"]"\
# ]
# add_files -norecurse -fileset $obj $files
# set obj [get_filesets sources_1]
# set_property "top" "top" $obj
# if {[string equal [get_filesets -quiet constrs_1] ""]} {
#   create_fileset -constrset constrs_1
# }
# set obj [get_filesets constrs_1]
# set file "[file normalize "$origin_dir/xdc/constraints.xdc"]"
# set file_added [add_files -norecurse -fileset $obj $file]
# set file "$origin_dir/xdc/constraints.xdc"
# set file [file normalize $file]
# set file_obj [get_files -of_objects [get_filesets constrs_1] [list "*$file"]]
# set_property "file_type" "XDC" $file_obj
# set obj [get_filesets constrs_1]
# if {[string equal [get_filesets -quiet sim_1] ""]} {
#   create_fileset -simset sim_1
# }
# set obj [get_filesets sim_1]
# set files [list \
#  "[file normalize "$origin_dir/hdl/testbench/txt_util.vhd"]"\
#  "[file normalize "$origin_dir/hdl/testbench/sim_file_read.vhd"]"\
#  "[file normalize "$origin_dir/hdl/testbench/top_tb.vhd"]"\
#  "[file normalize "$origin_dir/hdl/testbench/data1.dat"]"\
# ]
# add_files -norecurse -fileset $obj $files
# set obj [get_filesets sim_1]
# set_property "top" "top_tb" $obj
# set_property "transport_int_delay" "0" $obj
# set_property "transport_path_delay" "0" $obj
# set_property "xelab.nosort" "1" $obj
# set_property "xelab.unifast" "" $obj
# puts "INFO: Project created:top"
INFO: Project created:top
INFO: [Common 17-206] Exiting Vivado at Tue Oct 10 15:11:54 2017...
